<?xml version="1.0" encoding="UTF-8"?>
<!-- Generated by org.testng.reporters.JUnitReportReporter -->
<testsuite hostname="LAPTOP-HAVD9G37" failures="0" tests="2" name="Test.VerifyLogin_AddToCart" time="5.278" errors="0" timestamp="2022-05-29T23:57:36 IST" skipped="0">
  <testcase classname="Test.VerifyLogin_AddToCart" name="verifyhomepage" time="3.573"/>
  <system-out/>
  <testcase classname="Test.VerifyLogin_AddToCart" name="verifyaddtocart" time="1.705"/>
  <system-out/>
</testsuite> <!-- Test.VerifyLogin_AddToCart -->
