<?xml version="1.0" encoding="UTF-8"?>
<!-- Generated by org.testng.reporters.JUnitReportReporter -->
<testsuite hostname="LAPTOP-HAVD9G37" failures="0" tests="4" name="Test.TestNGKeywords" time="0.019" errors="0" timestamp="2022-05-20T14:19:32 IST" skipped="1">
  <testcase classname="Test.TestNGKeywords" name="testB" time="0.010"/>
  <system-out/>
  <testcase classname="Test.TestNGKeywords" name="testC" time="0.004"/>
  <system-out/>
  <testcase classname="Test.TestNGKeywords" name="testD" time="0.005"/>
  <system-out/>
  <testcase classname="Test.TestNGKeywords" name="testA">
    <skipped/>
  </testcase> <!-- testA -->
  <system-out/>
</testsuite> <!-- Test.TestNGKeywords -->
